{"/var/www/html/ACDS/Actividad4/app.js": {"path":"/var/www/html/ACDS/Actividad4/app.js","statementMap":{"0":{"start":{"line":1,"column":16},"end":{"line":1,"column":34}},"1":{"start":{"line":2,"column":19},"end":{"line":2,"column":41}},"2":{"start":{"line":3,"column":19},"end":{"line":3,"column":49}},"3":{"start":{"line":5,"column":12},"end":{"line":5,"column":21}},"4":{"start":{"line":7,"column":0},"end":{"line":7,"column":27}},"5":{"start":{"line":8,"column":0},"end":{"line":8,"column":30}},"6":{"start":{"line":11,"column":0},"end":{"line":13,"column":3}},"7":{"start":{"line":12,"column":2},"end":{"line":12,"column":29}},"8":{"start":{"line":15,"column":0},"end":{"line":15,"column":21}}},"fnMap":{"0":{"name":"(anonymous_0)","decl":{"start":{"line":11,"column":19},"end":{"line":11,"column":20}},"loc":{"start":{"line":11,"column":33},"end":{"line":13,"column":1}},"line":11}},"branchMap":{},"s":{"0":1,"1":1,"2":1,"3":1,"4":1,"5":1,"6":1,"7":0,"8":1},"f":{"0":0},"b":{},"_coverageSchema":"1a1c01bbd47fc00a2c39e90264f33305004495a9","hash":"fe526f5cd1de0283b662a5d803c1edb6cf267bba"}
,"/var/www/html/ACDS/Actividad4/controllers/userController.js": {"path":"/var/www/html/ACDS/Actividad4/controllers/userController.js","statementMap":{"0":{"start":{"line":1,"column":14},"end":{"line":1,"column":16}},"1":{"start":{"line":2,"column":16},"end":{"line":2,"column":17}},"2":{"start":{"line":4,"column":0},"end":{"line":6,"column":2}},"3":{"start":{"line":5,"column":2},"end":{"line":5,"column":18}},"4":{"start":{"line":8,"column":0},"end":{"line":12,"column":2}},"5":{"start":{"line":9,"column":15},"end":{"line":9,"column":64}},"6":{"start":{"line":9,"column":31},"end":{"line":9,"column":63}},"7":{"start":{"line":10,"column":2},"end":{"line":10,"column":59}},"8":{"start":{"line":10,"column":13},"end":{"line":10,"column":59}},"9":{"start":{"line":11,"column":2},"end":{"line":11,"column":17}},"10":{"start":{"line":14,"column":0},"end":{"line":21,"column":2}},"11":{"start":{"line":15,"column":26},"end":{"line":15,"column":34}},"12":{"start":{"line":16,"column":2},"end":{"line":17,"column":50}},"13":{"start":{"line":17,"column":4},"end":{"line":17,"column":50}},"14":{"start":{"line":18,"column":18},"end":{"line":18,"column":50}},"15":{"start":{"line":19,"column":2},"end":{"line":19,"column":22}},"16":{"start":{"line":20,"column":2},"end":{"line":20,"column":32}},"17":{"start":{"line":23,"column":0},"end":{"line":30,"column":2}},"18":{"start":{"line":24,"column":15},"end":{"line":24,"column":64}},"19":{"start":{"line":24,"column":31},"end":{"line":24,"column":63}},"20":{"start":{"line":25,"column":2},"end":{"line":25,"column":59}},"21":{"start":{"line":25,"column":13},"end":{"line":25,"column":59}},"22":{"start":{"line":26,"column":26},"end":{"line":26,"column":34}},"23":{"start":{"line":27,"column":2},"end":{"line":27,"column":29}},"24":{"start":{"line":27,"column":12},"end":{"line":27,"column":29}},"25":{"start":{"line":28,"column":2},"end":{"line":28,"column":32}},"26":{"start":{"line":28,"column":13},"end":{"line":28,"column":32}},"27":{"start":{"line":29,"column":2},"end":{"line":29,"column":17}},"28":{"start":{"line":32,"column":0},"end":{"line":37,"column":2}},"29":{"start":{"line":33,"column":16},"end":{"line":33,"column":70}},"30":{"start":{"line":33,"column":37},"end":{"line":33,"column":69}},"31":{"start":{"line":34,"column":2},"end":{"line":34,"column":66}},"32":{"start":{"line":34,"column":20},"end":{"line":34,"column":66}},"33":{"start":{"line":35,"column":2},"end":{"line":35,"column":25}},"34":{"start":{"line":36,"column":2},"end":{"line":36,"column":25}}},"fnMap":{"0":{"name":"(anonymous_0)","decl":{"start":{"line":4,"column":22},"end":{"line":4,"column":23}},"loc":{"start":{"line":4,"column":36},"end":{"line":6,"column":1}},"line":4},"1":{"name":"(anonymous_1)","decl":{"start":{"line":8,"column":22},"end":{"line":8,"column":23}},"loc":{"start":{"line":8,"column":36},"end":{"line":12,"column":1}},"line":8},"2":{"name":"(anonymous_2)","decl":{"start":{"line":9,"column":26},"end":{"line":9,"column":27}},"loc":{"start":{"line":9,"column":31},"end":{"line":9,"column":63}},"line":9},"3":{"name":"(anonymous_3)","decl":{"start":{"line":14,"column":21},"end":{"line":14,"column":22}},"loc":{"start":{"line":14,"column":35},"end":{"line":21,"column":1}},"line":14},"4":{"name":"(anonymous_4)","decl":{"start":{"line":23,"column":21},"end":{"line":23,"column":22}},"loc":{"start":{"line":23,"column":35},"end":{"line":30,"column":1}},"line":23},"5":{"name":"(anonymous_5)","decl":{"start":{"line":24,"column":26},"end":{"line":24,"column":27}},"loc":{"start":{"line":24,"column":31},"end":{"line":24,"column":63}},"line":24},"6":{"name":"(anonymous_6)","decl":{"start":{"line":32,"column":21},"end":{"line":32,"column":22}},"loc":{"start":{"line":32,"column":35},"end":{"line":37,"column":1}},"line":32},"7":{"name":"(anonymous_7)","decl":{"start":{"line":33,"column":32},"end":{"line":33,"column":33}},"loc":{"start":{"line":33,"column":37},"end":{"line":33,"column":69}},"line":33}},"branchMap":{"0":{"loc":{"start":{"line":10,"column":2},"end":{"line":10,"column":59}},"type":"if","locations":[{"start":{"line":10,"column":2},"end":{"line":10,"column":59}},{"start":{},"end":{}}],"line":10},"1":{"loc":{"start":{"line":16,"column":2},"end":{"line":17,"column":50}},"type":"if","locations":[{"start":{"line":16,"column":2},"end":{"line":17,"column":50}},{"start":{},"end":{}}],"line":16},"2":{"loc":{"start":{"line":16,"column":6},"end":{"line":16,"column":21}},"type":"binary-expr","locations":[{"start":{"line":16,"column":6},"end":{"line":16,"column":11}},{"start":{"line":16,"column":15},"end":{"line":16,"column":21}}],"line":16},"3":{"loc":{"start":{"line":25,"column":2},"end":{"line":25,"column":59}},"type":"if","locations":[{"start":{"line":25,"column":2},"end":{"line":25,"column":59}},{"start":{},"end":{}}],"line":25},"4":{"loc":{"start":{"line":27,"column":2},"end":{"line":27,"column":29}},"type":"if","locations":[{"start":{"line":27,"column":2},"end":{"line":27,"column":29}},{"start":{},"end":{}}],"line":27},"5":{"loc":{"start":{"line":28,"column":2},"end":{"line":28,"column":32}},"type":"if","locations":[{"start":{"line":28,"column":2},"end":{"line":28,"column":32}},{"start":{},"end":{}}],"line":28},"6":{"loc":{"start":{"line":34,"column":2},"end":{"line":34,"column":66}},"type":"if","locations":[{"start":{"line":34,"column":2},"end":{"line":34,"column":66}},{"start":{},"end":{}}],"line":34}},"s":{"0":1,"1":1,"2":1,"3":1,"4":1,"5":1,"6":1,"7":1,"8":0,"9":1,"10":1,"11":1,"12":1,"13":0,"14":1,"15":1,"16":1,"17":1,"18":1,"19":1,"20":1,"21":0,"22":1,"23":1,"24":1,"25":1,"26":0,"27":1,"28":1,"29":1,"30":1,"31":1,"32":0,"33":1,"34":1},"f":{"0":1,"1":1,"2":1,"3":1,"4":1,"5":1,"6":1,"7":1},"b":{"0":[0,1],"1":[0,1],"2":[1,1],"3":[0,1],"4":[1,0],"5":[0,1],"6":[0,1]},"_coverageSchema":"1a1c01bbd47fc00a2c39e90264f33305004495a9","hash":"b8ecbe22d3c42d44926212af3fd2331a4ae01c7c"}
,"/var/www/html/ACDS/Actividad4/routes/userRoutes.js": {"path":"/var/www/html/ACDS/Actividad4/routes/userRoutes.js","statementMap":{"0":{"start":{"line":1,"column":16},"end":{"line":1,"column":34}},"1":{"start":{"line":2,"column":15},"end":{"line":2,"column":31}},"2":{"start":{"line":3,"column":23},"end":{"line":3,"column":63}},"3":{"start":{"line":5,"column":0},"end":{"line":5,"column":44}},"4":{"start":{"line":6,"column":0},"end":{"line":6,"column":47}},"5":{"start":{"line":7,"column":0},"end":{"line":7,"column":44}},"6":{"start":{"line":8,"column":0},"end":{"line":8,"column":46}},"7":{"start":{"line":9,"column":0},"end":{"line":9,"column":49}},"8":{"start":{"line":11,"column":0},"end":{"line":11,"column":24}}},"fnMap":{},"branchMap":{},"s":{"0":1,"1":1,"2":1,"3":1,"4":1,"5":1,"6":1,"7":1,"8":1},"f":{},"b":{},"_coverageSchema":"1a1c01bbd47fc00a2c39e90264f33305004495a9","hash":"bfa2722aaf5c8cced824e312a067e184346b60e0"}
}
